Determining if the function sgemm_ exists failed with the following output:
Change Dir: D:/資料科學/期末專題/build/temp.win-amd64-3.5/Release/CMakeFiles/CMakeTmp

Run Build Command:"C:/Program Files (x86)/MSBuild/14.0/bin/MSBuild.exe" "cmTC_c7c78.vcxproj" "/p:Configuration=Debug" "/p:Platform=x64" "/p:VisualStudioVersion=14.0"
Microsoft (R) Build Engine version 14.0.25420.1
Copyright (C) Microsoft Corporation. 著作權所有，並保留一切權利。

已經開始建置於 2019/1/12 下午 09:25:34。
節點 1 (預設目標) 上的專案 "D:\資料科學\期末專題\build\temp.win-amd64-3.5\Release\CMakeFiles\CMakeTmp\cmTC_c7c78.vcxproj"。
PrepareForBuild:
  正在建立目錄 "cmTC_c7c78.dir\Debug\"。
  正在建立目錄 "D:\資料科學\期末專題\build\temp.win-amd64-3.5\Release\CMakeFiles\CMakeTmp\Debug\"。
  正在建立目錄 "cmTC_c7c78.dir\Debug\cmTC_c7c78.tlog\"。
InitializeBuildStatus:
  由於指定了 "AlwaysCreate"，因此正在建立 "cmTC_c7c78.dir\Debug\cmTC_c7c78.tlog\unsuccessfulbuild"。
ClCompile:
  C:\Program Files (x86)\Microsoft Visual Studio 14.0\VC\bin\x86_amd64\CL.exe /c /Zi /W3 /WX- /Od /Ob0 /D WIN32 /D _WINDOWS /D CHECK_FUNCTION_EXISTS=sgemm_ /D "CMAKE_INTDIR=\"Debug\"" /D _MBCS /Gm- /RTC1 /MDd /GS /fp:precise /Zc:wchar_t /Zc:forScope /Zc:inline /Fo"cmTC_c7c78.dir\Debug\\" /Fd"cmTC_c7c78.dir\Debug\vc140.pdb" /Gd /TC /errorReport:queue "C:\Program Files\CMake\share\cmake-3.13\Modules\CheckFunctionExists.c"
  Microsoft (R) C/C++ Optimizing Compiler Version 19.00.24215.1 for x64
  Copyright (C) Microsoft Corporation.  著作權所有，並保留一切權利。
  
  cl /c /Zi /W3 /WX- /Od /Ob0 /D WIN32 /D _WINDOWS /D CHECK_FUNCTION_EXISTS=sgemm_ /D "CMAKE_INTDIR=\"Debug\"" /D _MBCS /Gm- /RTC1 /MDd /GS /fp:precise /Zc:wchar_t /Zc:forScope /Zc:inline /Fo"cmTC_c7c78.dir\Debug\\" /Fd"cmTC_c7c78.dir\Debug\vc140.pdb" /Gd /TC /errorReport:queue "C:\Program Files\CMake\share\cmake-3.13\Modules\CheckFunctionExists.c"
  
  CheckFunctionExists.c
Link:
  C:\Program Files (x86)\Microsoft Visual Studio 14.0\VC\bin\x86_amd64\link.exe /ERRORREPORT:QUEUE /OUT:"D:\資料科學\期末專題\build\temp.win-amd64-3.5\Release\CMakeFiles\CMakeTmp\Debug\cmTC_c7c78.exe" /INCREMENTAL /NOLOGO kernel32.lib user32.lib gdi32.lib winspool.lib shell32.lib ole32.lib oleaut32.lib uuid.lib comdlg32.lib advapi32.lib /MANIFEST /MANIFESTUAC:"level='asInvoker' uiAccess='false'" /manifest:embed /DEBUG /PDB:"D:/資料科學/期末專題/build/temp.win-amd64-3.5/Release/CMakeFiles/CMakeTmp/Debug/cmTC_c7c78.pdb" /SUBSYSTEM:CONSOLE /TLBID:1 /DYNAMICBASE /NXCOMPAT /IMPLIB:"D:/資料科學/期末專題/build/temp.win-amd64-3.5/Release/CMakeFiles/CMakeTmp/Debug/cmTC_c7c78.lib" /MACHINE:X64  /machine:x64 cmTC_c7c78.dir\Debug\CheckFunctionExists.obj
CheckFunctionExists.obj : error LNK2019: 無法解析的外部符號 sgemm_ 在函式 main 中被參考 [D:\資料科學\期末專題\build\temp.win-amd64-3.5\Release\CMakeFiles\CMakeTmp\cmTC_c7c78.vcxproj]
D:\資料科學\期末專題\build\temp.win-amd64-3.5\Release\CMakeFiles\CMakeTmp\Debug\cmTC_c7c78.exe : fatal error LNK1120: 1 個無法解析的外部符號 [D:\資料科學\期末專題\build\temp.win-amd64-3.5\Release\CMakeFiles\CMakeTmp\cmTC_c7c78.vcxproj]
專案 "D:\資料科學\期末專題\build\temp.win-amd64-3.5\Release\CMakeFiles\CMakeTmp\cmTC_c7c78.vcxproj" (預設目標) 建置完成 -- 失敗。

建置失敗。

"D:\資料科學\期末專題\build\temp.win-amd64-3.5\Release\CMakeFiles\CMakeTmp\cmTC_c7c78.vcxproj" (預設目標) (1) ->
(Link 目標) -> 
  CheckFunctionExists.obj : error LNK2019: 無法解析的外部符號 sgemm_ 在函式 main 中被參考 [D:\資料科學\期末專題\build\temp.win-amd64-3.5\Release\CMakeFiles\CMakeTmp\cmTC_c7c78.vcxproj]
  D:\資料科學\期末專題\build\temp.win-amd64-3.5\Release\CMakeFiles\CMakeTmp\Debug\cmTC_c7c78.exe : fatal error LNK1120: 1 個無法解析的外部符號 [D:\資料科學\期末專題\build\temp.win-amd64-3.5\Release\CMakeFiles\CMakeTmp\cmTC_c7c78.vcxproj]

    0 個警告
    2 個錯誤

經過時間 00:00:00.76


Determining if the include file pthread.h exists failed with the following output:
Change Dir: D:/資料科學/期末專題/build/temp.win-amd64-3.5/Release/CMakeFiles/CMakeTmp

Run Build Command:"C:/Program Files (x86)/MSBuild/14.0/bin/MSBuild.exe" "cmTC_9140a.vcxproj" "/p:Configuration=Debug" "/p:Platform=x64" "/p:VisualStudioVersion=14.0"
Microsoft (R) Build Engine version 14.0.25420.1
Copyright (C) Microsoft Corporation. 著作權所有，並保留一切權利。

已經開始建置於 2019/1/12 下午 09:25:35。
節點 1 (預設目標) 上的專案 "D:\資料科學\期末專題\build\temp.win-amd64-3.5\Release\CMakeFiles\CMakeTmp\cmTC_9140a.vcxproj"。
PrepareForBuild:
  正在建立目錄 "cmTC_9140a.dir\Debug\"。
  正在建立目錄 "D:\資料科學\期末專題\build\temp.win-amd64-3.5\Release\CMakeFiles\CMakeTmp\Debug\"。
  正在建立目錄 "cmTC_9140a.dir\Debug\cmTC_9140a.tlog\"。
InitializeBuildStatus:
  由於指定了 "AlwaysCreate"，因此正在建立 "cmTC_9140a.dir\Debug\cmTC_9140a.tlog\unsuccessfulbuild"。
ClCompile:
  C:\Program Files (x86)\Microsoft Visual Studio 14.0\VC\bin\x86_amd64\CL.exe /c /Zi /W3 /WX- /Od /Ob0 /D WIN32 /D _WINDOWS /D "CMAKE_INTDIR=\"Debug\"" /D _MBCS /Gm- /RTC1 /MDd /GS /fp:precise /Zc:wchar_t /Zc:forScope /Zc:inline /Fo"cmTC_9140a.dir\Debug\\" /Fd"cmTC_9140a.dir\Debug\vc140.pdb" /Gd /TC /errorReport:queue "D:\資料科學\期末專題\build\temp.win-amd64-3.5\Release\CMakeFiles\CMakeTmp\CheckIncludeFile.c"
  Microsoft (R) C/C++ Optimizing Compiler Version 19.00.24215.1 for x64
  Copyright (C) Microsoft Corporation.  著作權所有，並保留一切權利。
  
  cl /c /Zi /W3 /WX- /Od /Ob0 /D WIN32 /D _WINDOWS /D "CMAKE_INTDIR=\"Debug\"" /D _MBCS /Gm- /RTC1 /MDd /GS /fp:precise /Zc:wchar_t /Zc:forScope /Zc:inline /Fo"cmTC_9140a.dir\Debug\\" /Fd"cmTC_9140a.dir\Debug\vc140.pdb" /Gd /TC /errorReport:queue "D:\資料科學\期末專題\build\temp.win-amd64-3.5\Release\CMakeFiles\CMakeTmp\CheckIncludeFile.c"
  
  CheckIncludeFile.c
D:\資料科學\期末專題\build\temp.win-amd64-3.5\Release\CMakeFiles\CMakeTmp\CheckIncludeFile.c(1): fatal error C1083: 無法開啟包含檔案: 'pthread.h': No such file or directory [D:\資料科學\期末專題\build\temp.win-amd64-3.5\Release\CMakeFiles\CMakeTmp\cmTC_9140a.vcxproj]
專案 "D:\資料科學\期末專題\build\temp.win-amd64-3.5\Release\CMakeFiles\CMakeTmp\cmTC_9140a.vcxproj" (預設目標) 建置完成 -- 失敗。

建置失敗。

"D:\資料科學\期末專題\build\temp.win-amd64-3.5\Release\CMakeFiles\CMakeTmp\cmTC_9140a.vcxproj" (預設目標) (1) ->
(ClCompile 目標) -> 
  D:\資料科學\期末專題\build\temp.win-amd64-3.5\Release\CMakeFiles\CMakeTmp\CheckIncludeFile.c(1): fatal error C1083: 無法開啟包含檔案: 'pthread.h': No such file or directory [D:\資料科學\期末專題\build\temp.win-amd64-3.5\Release\CMakeFiles\CMakeTmp\cmTC_9140a.vcxproj]

    0 個警告
    1 個錯誤

經過時間 00:00:00.60


